# JRE version: Java(TM) SE Runtime Environment (8.0_172-b11) (build 1.8.0_172-b11)
# Java VM: Java HotSpot(TM) 64-Bit Server VM (25.172-b11 mixed mode linux-amd64 compressed oops)
Heap:
 PSYoungGen      total 121856K, used 10553K [0x00000000f6200000, 0x00000000fe580000, 0x0000000100000000)
  eden space 110592K, 0% used [0x00000000f6200000,0x00000000f6200000,0x00000000fce00000)
  from space 11264K, 93% used [0x00000000fcf80000,0x00000000fd9ce600,0x00000000fda80000)
  to   space 8704K, 0% used [0x00000000fdd00000,0x00000000fdd00000,0x00000000fe580000)
 ParOldGen       total 44032K, used 27438K [0x00000000e2600000, 0x00000000e5100000, 0x00000000f6200000)
  object space 44032K, 62% used [0x00000000e2600000,0x00000000e40cb9f8,0x00000000e5100000)
 Metaspace       used 46265K, capacity 48362K, committed 48512K, reserved 1091584K
  class space    used 6257K, capacity 6668K, committed 6784K, reserved 1048576K
GC Heap History (10 events):
Event: 3.558 GC heap after
Heap after GC invocations=10 (full 1):
 PSYoungGen      total 70144K, used 4576K [0x00000000f6200000, 0x00000000fc580000, 0x0000000100000000)
  eden space 65536K, 0% used [0x00000000f6200000,0x00000000f6200000,0x00000000fa200000)
  from space 4608K, 99% used [0x00000000fa200000,0x00000000fa678008,0x00000000fa680000)
  to   space 6144K, 0% used [0x00000000fbf80000,0x00000000fbf80000,0x00000000fc580000)
 ParOldGen       total 22016K, used 10246K [0x00000000e2600000, 0x00000000e3b80000, 0x00000000f6200000)
  object space 22016K, 46% used [0x00000000e2600000,0x00000000e3001870,0x00000000e3b80000)
 Metaspace       used 22574K, capacity 23332K, committed 23552K, reserved 1069056K
  class space    used 3025K, capacity 3219K, committed 3328K, reserved 1048576K
}
Event: 5.035 GC heap before
{Heap before GC invocations=11 (full 1):
 PSYoungGen      total 70144K, used 70112K [0x00000000f6200000, 0x00000000fc580000, 0x0000000100000000)
  eden space 65536K, 100% used [0x00000000f6200000,0x00000000fa200000,0x00000000fa200000)
  from space 4608K, 99% used [0x00000000fa200000,0x00000000fa678008,0x00000000fa680000)
  to   space 6144K, 0% used [0x00000000fbf80000,0x00000000fbf80000,0x00000000fc580000)
 ParOldGen       total 22016K, used 10246K [0x00000000e2600000, 0x00000000e3b80000, 0x00000000f6200000)
  object space 22016K, 46% used [0x00000000e2600000,0x00000000e3001870,0x00000000e3b80000)
 Metaspace       used 26178K, capacity 27336K, committed 27520K, reserved 1073152K
  class space    used 3579K, capacity 3841K, committed 3968K, reserved 1048576K
Event: 5.057 GC heap after
Heap after GC invocations=11 (full 1):
 PSYoungGen      total 93184K, used 6126K [0x00000000f6200000, 0x00000000fc980000, 0x0000000100000000)
  eden space 87040K, 0% used [0x00000000f6200000,0x00000000f6200000,0x00000000fb700000)
  from space 6144K, 99% used [0x00000000fbf80000,0x00000000fc57bb98,0x00000000fc580000)
  to   space 8704K, 0% used [0x00000000fb700000,0x00000000fb700000,0x00000000fbf80000)
 ParOldGen       total 22016K, used 14595K [0x00000000e2600000, 0x00000000e3b80000, 0x00000000f6200000)
  object space 22016K, 66% used [0x00000000e2600000,0x00000000e3440d08,0x00000000e3b80000)
 Metaspace       used 26178K, capacity 27336K, committed 27520K, reserved 1073152K
  class space    used 3579K, capacity 3841K, committed 3968K, reserved 1048576K
}
Event: 6.318 GC heap before
{Heap before GC invocations=12 (full 1):
 PSYoungGen      total 93184K, used 93166K [0x00000000f6200000, 0x00000000fc980000, 0x0000000100000000)
  eden space 87040K, 100% used [0x00000000f6200000,0x00000000fb700000,0x00000000fb700000)
  from space 6144K, 99% used [0x00000000fbf80000,0x00000000fc57bb98,0x00000000fc580000)
  to   space 8704K, 0% used [0x00000000fb700000,0x00000000fb700000,0x00000000fbf80000)
 ParOldGen       total 22016K, used 14595K [0x00000000e2600000, 0x00000000e3b80000, 0x00000000f6200000)
  object space 22016K, 66% used [0x00000000e2600000,0x00000000e3440d08,0x00000000e3b80000)
 Metaspace       used 29396K, capacity 30770K, committed 30976K, reserved 1075200K
  class space    used 3979K, capacity 4280K, committed 4352K, reserved 1048576K
Event: 6.353 GC heap after
Heap after GC invocations=12 (full 1):
 PSYoungGen      total 95744K, used 5736K [0x00000000f6200000, 0x00000000fe580000, 0x0000000100000000)
  eden space 87040K, 0% used [0x00000000f6200000,0x00000000f6200000,0x00000000fb700000)
  from space 8704K, 65% used [0x00000000fb700000,0x00000000fbc9a368,0x00000000fbf80000)
  to   space 8704K, 0% used [0x00000000fdd00000,0x00000000fdd00000,0x00000000fe580000)
 ParOldGen       total 22016K, used 20696K [0x00000000e2600000, 0x00000000e3b80000, 0x00000000f6200000)
  object space 22016K, 94% used [0x00000000e2600000,0x00000000e3a36150,0x00000000e3b80000)
 Metaspace       used 29396K, capacity 30770K, committed 30976K, reserved 1075200K
  class space    used 3979K, capacity 4280K, committed 4352K, reserved 1048576K
}
Event: 6.354 GC heap before
{Heap before GC invocations=13 (full 2):
 PSYoungGen      total 95744K, used 5736K [0x00000000f6200000, 0x00000000fe580000, 0x0000000100000000)
  eden space 87040K, 0% used [0x00000000f6200000,0x00000000f6200000,0x00000000fb700000)
  from space 8704K, 65% used [0x00000000fb700000,0x00000000fbc9a368,0x00000000fbf80000)
  to   space 8704K, 0% used [0x00000000fdd00000,0x00000000fdd00000,0x00000000fe580000)
 ParOldGen       total 22016K, used 20696K [0x00000000e2600000, 0x00000000e3b80000, 0x00000000f6200000)
  object space 22016K, 94% used [0x00000000e2600000,0x00000000e3a36150,0x00000000e3b80000)
 Metaspace       used 29396K, capacity 30770K, committed 30976K, reserved 1075200K
  class space    used 3979K, capacity 4280K, committed 4352K, reserved 1048576K
Event: 6.494 GC heap after
Heap after GC invocations=13 (full 2):
 PSYoungGen      total 95744K, used 0K [0x00000000f6200000, 0x00000000fe580000, 0x0000000100000000)
  eden space 87040K, 0% used [0x00000000f6200000,0x00000000f6200000,0x00000000fb700000)
  from space 8704K, 0% used [0x00000000fb700000,0x00000000fb700000,0x00000000fbf80000)
  to   space 8704K, 0% used [0x00000000fdd00000,0x00000000fdd00000,0x00000000fe580000)
 ParOldGen       total 44032K, used 20511K [0x00000000e2600000, 0x00000000e5100000, 0x00000000f6200000)
  object space 44032K, 46% used [0x00000000e2600000,0x00000000e3a07f58,0x00000000e5100000)
 Metaspace       used 29396K, capacity 30770K, committed 30976K, reserved 1075200K
  class space    used 3979K, capacity 4280K, committed 4352K, reserved 1048576K
}
Event: 8.916 GC heap before
{Heap before GC invocations=14 (full 2):
 PSYoungGen      total 95744K, used 87040K [0x00000000f6200000, 0x00000000fe580000, 0x0000000100000000)
  eden space 87040K, 100% used [0x00000000f6200000,0x00000000fb700000,0x00000000fb700000)
  from space 8704K, 0% used [0x00000000fb700000,0x00000000fb700000,0x00000000fbf80000)
  to   space 8704K, 0% used [0x00000000fdd00000,0x00000000fdd00000,0x00000000fe580000)
 ParOldGen       total 44032K, used 20511K [0x00000000e2600000, 0x00000000e5100000, 0x00000000f6200000)
  object space 44032K, 46% used [0x00000000e2600000,0x00000000e3a07f58,0x00000000e5100000)
 Metaspace       used 39934K, capacity 41500K, committed 41856K, reserved 1085440K
  class space    used 5418K, capacity 5741K, committed 5760K, reserved 1048576K
Event: 8.953 GC heap after
Heap after GC invocations=14 (full 2):
 PSYoungGen      total 119296K, used 8674K [0x00000000f6200000, 0x00000000fe580000, 0x0000000100000000)
  eden space 110592K, 0% used [0x00000000f6200000,0x00000000f6200000,0x00000000fce00000)
  from space 8704K, 99% used [0x00000000fdd00000,0x00000000fe5789e0,0x00000000fe580000)
  to   space 11264K, 0% used [0x00000000fcf80000,0x00000000fcf80000,0x00000000fda80000)
 ParOldGen       total 44032K, used 23422K [0x00000000e2600000, 0x00000000e5100000, 0x00000000f6200000)
  object space 44032K, 53% used [0x00000000e2600000,0x00000000e3cdf848,0x00000000e5100000)
 Metaspace       used 39934K, capacity 41500K, committed 41856K, reserved 1085440K
  class space    used 5418K, capacity 5741K, committed 5760K, reserved 1048576K
}
Event: 46.178 GC heap before
{Heap before GC invocations=15 (full 2):
 PSYoungGen      total 119296K, used 119266K [0x00000000f6200000, 0x00000000fe580000, 0x0000000100000000)
  eden space 110592K, 100% used [0x00000000f6200000,0x00000000fce00000,0x00000000fce00000)
  from space 8704K, 99% used [0x00000000fdd00000,0x00000000fe5789e0,0x00000000fe580000)
  to   space 11264K, 0% used [0x00000000fcf80000,0x00000000fcf80000,0x00000000fda80000)
 ParOldGen       total 44032K, used 23422K [0x00000000e2600000, 0x00000000e5100000, 0x00000000f6200000)
  object space 44032K, 53% used [0x00000000e2600000,0x00000000e3cdf848,0x00000000e5100000)
 Metaspace       used 46265K, capacity 48362K, committed 48512K, reserved 1091584K
  class space    used 6257K, capacity 6668K, committed 6784K, reserved 1048576K

