# JRE version: Java(TM) SE Runtime Environment (8.0_172-b11) (build 1.8.0_172-b11)
# Java VM: Java HotSpot(TM) 64-Bit Server VM (25.172-b11 mixed mode linux-amd64 compressed oops)
Heap:
 PSYoungGen      total 70144K, used 4600K [0x00000000f6200000, 0x00000000fab00000, 0x0000000100000000)
  eden space 65536K, 0% used [0x00000000f6200000,0x00000000f6200000,0x00000000fa200000)
  from space 4608K, 99% used [0x00000000fa200000,0x00000000fa67e248,0x00000000fa680000)
  to   space 4096K, 0% used [0x00000000fa700000,0x00000000fa700000,0x00000000fab00000)
 ParOldGen       total 24576K, used 10953K [0x00000000e2600000, 0x00000000e3e00000, 0x00000000f6200000)
  object space 24576K, 44% used [0x00000000e2600000,0x00000000e30b2540,0x00000000e3e00000)
 Metaspace       used 22566K, capacity 23308K, committed 23552K, reserved 1069056K
  class space    used 3027K, capacity 3217K, committed 3328K, reserved 1048576K
GC Heap History (10 events):
Event: 2.267 GC heap after
Heap after GC invocations=5 (full 0):
 PSYoungGen      total 17408K, used 1021K [0x00000000f6200000, 0x00000000f8800000, 0x0000000100000000)
  eden space 16384K, 0% used [0x00000000f6200000,0x00000000f6200000,0x00000000f7200000)
  from space 1024K, 99% used [0x00000000f7200000,0x00000000f72ff4f0,0x00000000f7300000)
  to   space 3072K, 0% used [0x00000000f8500000,0x00000000f8500000,0x00000000f8800000)
 ParOldGen       total 20480K, used 6210K [0x00000000e2600000, 0x00000000e3a00000, 0x00000000f6200000)
  object space 20480K, 30% used [0x00000000e2600000,0x00000000e2c10a20,0x00000000e3a00000)
 Metaspace       used 14186K, capacity 14620K, committed 14848K, reserved 1062912K
  class space    used 1866K, capacity 1995K, committed 2048K, reserved 1048576K
}
Event: 2.434 GC heap before
{Heap before GC invocations=6 (full 0):
 PSYoungGen      total 17408K, used 17405K [0x00000000f6200000, 0x00000000f8800000, 0x0000000100000000)
  eden space 16384K, 100% used [0x00000000f6200000,0x00000000f7200000,0x00000000f7200000)
  from space 1024K, 99% used [0x00000000f7200000,0x00000000f72ff4f0,0x00000000f7300000)
  to   space 3072K, 0% used [0x00000000f8500000,0x00000000f8500000,0x00000000f8800000)
 ParOldGen       total 20480K, used 6210K [0x00000000e2600000, 0x00000000e3a00000, 0x00000000f6200000)
  object space 20480K, 30% used [0x00000000e2600000,0x00000000e2c10a20,0x00000000e3a00000)
 Metaspace       used 15418K, capacity 15886K, committed 16128K, reserved 1062912K
  class space    used 2084K, capacity 2226K, committed 2304K, reserved 1048576K
Event: 2.442 GC heap after
Heap after GC invocations=6 (full 0):
 PSYoungGen      total 35840K, used 2738K [0x00000000f6200000, 0x00000000f8800000, 0x0000000100000000)
  eden space 32768K, 0% used [0x00000000f6200000,0x00000000f6200000,0x00000000f8200000)
  from space 3072K, 89% used [0x00000000f8500000,0x00000000f87acb98,0x00000000f8800000)
  to   space 3072K, 0% used [0x00000000f8200000,0x00000000f8200000,0x00000000f8500000)
 ParOldGen       total 20480K, used 6210K [0x00000000e2600000, 0x00000000e3a00000, 0x00000000f6200000)
  object space 20480K, 30% used [0x00000000e2600000,0x00000000e2c10a20,0x00000000e3a00000)
 Metaspace       used 15418K, capacity 15886K, committed 16128K, reserved 1062912K
  class space    used 2084K, capacity 2226K, committed 2304K, reserved 1048576K
}
Event: 2.938 GC heap before
{Heap before GC invocations=7 (full 0):
 PSYoungGen      total 35840K, used 35506K [0x00000000f6200000, 0x00000000f8800000, 0x0000000100000000)
  eden space 32768K, 100% used [0x00000000f6200000,0x00000000f8200000,0x00000000f8200000)
  from space 3072K, 89% used [0x00000000f8500000,0x00000000f87acb98,0x00000000f8800000)
  to   space 3072K, 0% used [0x00000000f8200000,0x00000000f8200000,0x00000000f8500000)
 ParOldGen       total 20480K, used 6210K [0x00000000e2600000, 0x00000000e3a00000, 0x00000000f6200000)
  object space 20480K, 30% used [0x00000000e2600000,0x00000000e2c10a20,0x00000000e3a00000)
 Metaspace       used 19413K, capacity 19930K, committed 20224K, reserved 1067008K
  class space    used 2583K, capacity 2764K, committed 2816K, reserved 1048576K
Event: 2.962 GC heap after
Heap after GC invocations=7 (full 0):
 PSYoungGen      total 35840K, used 3066K [0x00000000f6200000, 0x00000000fac00000, 0x0000000100000000)
  eden space 32768K, 0% used [0x00000000f6200000,0x00000000f6200000,0x00000000f8200000)
  from space 3072K, 99% used [0x00000000f8200000,0x00000000f84fea88,0x00000000f8500000)
  to   space 5120K, 0% used [0x00000000fa700000,0x00000000fa700000,0x00000000fac00000)
 ParOldGen       total 20480K, used 9024K [0x00000000e2600000, 0x00000000e3a00000, 0x00000000f6200000)
  object space 20480K, 44% used [0x00000000e2600000,0x00000000e2ed0368,0x00000000e3a00000)
 Metaspace       used 19413K, capacity 19930K, committed 20224K, reserved 1067008K
  class space    used 2583K, capacity 2764K, committed 2816K, reserved 1048576K
}
Event: 3.205 GC heap before
{Heap before GC invocations=8 (full 0):
 PSYoungGen      total 35840K, used 9216K [0x00000000f6200000, 0x00000000fac00000, 0x0000000100000000)
  eden space 32768K, 18% used [0x00000000f6200000,0x00000000f68016e0,0x00000000f8200000)
  from space 3072K, 99% used [0x00000000f8200000,0x00000000f84fea88,0x00000000f8500000)
  to   space 5120K, 0% used [0x00000000fa700000,0x00000000fa700000,0x00000000fac00000)
 ParOldGen       total 20480K, used 9024K [0x00000000e2600000, 0x00000000e3a00000, 0x00000000f6200000)
  object space 20480K, 44% used [0x00000000e2600000,0x00000000e2ed0368,0x00000000e3a00000)
 Metaspace       used 20657K, capacity 21264K, committed 21296K, reserved 1067008K
  class space    used 2742K, capacity 2913K, committed 2944K, reserved 1048576K
Event: 3.227 GC heap after
Heap after GC invocations=8 (full 0):
 PSYoungGen      total 69632K, used 2684K [0x00000000f6200000, 0x00000000fab00000, 0x0000000100000000)
  eden space 65536K, 0% used [0x00000000f6200000,0x00000000f6200000,0x00000000fa200000)
  from space 4096K, 65% used [0x00000000fa700000,0x00000000fa99f2b8,0x00000000fab00000)
  to   space 4608K, 0% used [0x00000000fa200000,0x00000000fa200000,0x00000000fa680000)
 ParOldGen       total 20480K, used 9318K [0x00000000e2600000, 0x00000000e3a00000, 0x00000000f6200000)
  object space 20480K, 45% used [0x00000000e2600000,0x00000000e2f198a8,0x00000000e3a00000)
 Metaspace       used 20657K, capacity 21264K, committed 21296K, reserved 1067008K
  class space    used 2742K, capacity 2913K, committed 2944K, reserved 1048576K
}
Event: 3.228 GC heap before
{Heap before GC invocations=9 (full 1):
 PSYoungGen      total 69632K, used 2684K [0x00000000f6200000, 0x00000000fab00000, 0x0000000100000000)
  eden space 65536K, 0% used [0x00000000f6200000,0x00000000f6200000,0x00000000fa200000)
  from space 4096K, 65% used [0x00000000fa700000,0x00000000fa99f2b8,0x00000000fab00000)
  to   space 4608K, 0% used [0x00000000fa200000,0x00000000fa200000,0x00000000fa680000)
 ParOldGen       total 20480K, used 9318K [0x00000000e2600000, 0x00000000e3a00000, 0x00000000f6200000)
  object space 20480K, 45% used [0x00000000e2600000,0x00000000e2f198a8,0x00000000e3a00000)
 Metaspace       used 20657K, capacity 21264K, committed 21296K, reserved 1067008K
  class space    used 2742K, capacity 2913K, committed 2944K, reserved 1048576K
Event: 3.485 GC heap after
Heap after GC invocations=9 (full 1):
 PSYoungGen      total 69632K, used 0K [0x00000000f6200000, 0x00000000fab00000, 0x0000000100000000)
  eden space 65536K, 0% used [0x00000000f6200000,0x00000000f6200000,0x00000000fa200000)
  from space 4096K, 0% used [0x00000000fa700000,0x00000000fa700000,0x00000000fab00000)
  to   space 4608K, 0% used [0x00000000fa200000,0x00000000fa200000,0x00000000fa680000)
 ParOldGen       total 24576K, used 8063K [0x00000000e2600000, 0x00000000e3e00000, 0x00000000f6200000)
  object space 24576K, 32% used [0x00000000e2600000,0x00000000e2ddfcc0,0x00000000e3e00000)
 Metaspace       used 20657K, capacity 21264K, committed 21296K, reserved 1067008K
  class space    used 2742K, capacity 2913K, committed 2944K, reserved 1048576K
}
Event: 8.175 GC heap before
{Heap before GC invocations=10 (full 1):
 PSYoungGen      total 69632K, used 65536K [0x00000000f6200000, 0x00000000fab00000, 0x0000000100000000)
  eden space 65536K, 100% used [0x00000000f6200000,0x00000000fa200000,0x00000000fa200000)
  from space 4096K, 0% used [0x00000000fa700000,0x00000000fa700000,0x00000000fab00000)
  to   space 4608K, 0% used [0x00000000fa200000,0x00000000fa200000,0x00000000fa680000)
 ParOldGen       total 24576K, used 8063K [0x00000000e2600000, 0x00000000e3e00000, 0x00000000f6200000)
  object space 24576K, 32% used [0x00000000e2600000,0x00000000e2ddfcc0,0x00000000e3e00000)
 Metaspace       used 22566K, capacity 23308K, committed 23552K, reserved 1069056K
  class space    used 3027K, capacity 3217K, committed 3328K, reserved 1048576K

