# JRE version: Java(TM) SE Runtime Environment (8.0_172-b11) (build 1.8.0_172-b11)
# Java VM: Java HotSpot(TM) 64-Bit Server VM (25.172-b11 mixed mode linux-amd64 compressed oops)
Heap:
 PSYoungGen      total 120320K, used 10609K [0x00000000f6200000, 0x00000000fe280000, 0x0000000100000000)
  eden space 109056K, 0% used [0x00000000f6200000,0x00000000f6200000,0x00000000fcc80000)
  from space 11264K, 94% used [0x00000000fcc80000,0x00000000fd6dc5f8,0x00000000fd780000)
  to   space 8704K, 0% used [0x00000000fd780000,0x00000000fd780000,0x00000000fe000000)
 ParOldGen       total 42496K, used 25183K [0x00000000e2600000, 0x00000000e4f80000, 0x00000000f6200000)
  object space 42496K, 59% used [0x00000000e2600000,0x00000000e3e97dc0,0x00000000e4f80000)
 Metaspace       used 46210K, capacity 48354K, committed 48512K, reserved 1091584K
  class space    used 6246K, capacity 6668K, committed 6784K, reserved 1048576K
GC Heap History (10 events):
Event: 4.718 GC heap after
Heap after GC invocations=10 (full 1):
 PSYoungGen      total 70144K, used 4601K [0x00000000f6200000, 0x00000000fc480000, 0x0000000100000000)
  eden space 65536K, 0% used [0x00000000f6200000,0x00000000f6200000,0x00000000fa200000)
  from space 4608K, 99% used [0x00000000fa200000,0x00000000fa67e408,0x00000000fa680000)
  to   space 6656K, 0% used [0x00000000fbe00000,0x00000000fbe00000,0x00000000fc480000)
 ParOldGen       total 20992K, used 9435K [0x00000000e2600000, 0x00000000e3a80000, 0x00000000f6200000)
  object space 20992K, 44% used [0x00000000e2600000,0x00000000e2f36d60,0x00000000e3a80000)
 Metaspace       used 22625K, capacity 23320K, committed 23552K, reserved 1069056K
  class space    used 3032K, capacity 3219K, committed 3328K, reserved 1048576K
}
Event: 6.675 GC heap before
{Heap before GC invocations=11 (full 1):
 PSYoungGen      total 70144K, used 70137K [0x00000000f6200000, 0x00000000fc480000, 0x0000000100000000)
  eden space 65536K, 100% used [0x00000000f6200000,0x00000000fa200000,0x00000000fa200000)
  from space 4608K, 99% used [0x00000000fa200000,0x00000000fa67e408,0x00000000fa680000)
  to   space 6656K, 0% used [0x00000000fbe00000,0x00000000fbe00000,0x00000000fc480000)
 ParOldGen       total 20992K, used 9435K [0x00000000e2600000, 0x00000000e3a80000, 0x00000000f6200000)
  object space 20992K, 44% used [0x00000000e2600000,0x00000000e2f36d60,0x00000000e3a80000)
 Metaspace       used 26378K, capacity 27484K, committed 27776K, reserved 1073152K
  class space    used 3603K, capacity 3873K, committed 3968K, reserved 1048576K
Event: 6.714 GC heap after
Heap after GC invocations=11 (full 1):
 PSYoungGen      total 92160K, used 6653K [0x00000000f6200000, 0x00000000fc780000, 0x0000000100000000)
  eden space 85504K, 0% used [0x00000000f6200000,0x00000000f6200000,0x00000000fb580000)
  from space 6656K, 99% used [0x00000000fbe00000,0x00000000fc47f768,0x00000000fc480000)
  to   space 8704K, 0% used [0x00000000fb580000,0x00000000fb580000,0x00000000fbe00000)
 ParOldGen       total 20992K, used 13395K [0x00000000e2600000, 0x00000000e3a80000, 0x00000000f6200000)
  object space 20992K, 63% used [0x00000000e2600000,0x00000000e3314d08,0x00000000e3a80000)
 Metaspace       used 26378K, capacity 27484K, committed 27776K, reserved 1073152K
  class space    used 3603K, capacity 3873K, committed 3968K, reserved 1048576K
}
Event: 8.409 GC heap before
{Heap before GC invocations=12 (full 1):
 PSYoungGen      total 92160K, used 92157K [0x00000000f6200000, 0x00000000fc780000, 0x0000000100000000)
  eden space 85504K, 100% used [0x00000000f6200000,0x00000000fb580000,0x00000000fb580000)
  from space 6656K, 99% used [0x00000000fbe00000,0x00000000fc47f768,0x00000000fc480000)
  to   space 8704K, 0% used [0x00000000fb580000,0x00000000fb580000,0x00000000fbe00000)
 ParOldGen       total 20992K, used 13395K [0x00000000e2600000, 0x00000000e3a80000, 0x00000000f6200000)
  object space 20992K, 63% used [0x00000000e2600000,0x00000000e3314d08,0x00000000e3a80000)
 Metaspace       used 29457K, capacity 30886K, committed 31232K, reserved 1077248K
  class space    used 3990K, capacity 4280K, committed 4352K, reserved 1048576K
Event: 8.445 GC heap after
Heap after GC invocations=12 (full 1):
 PSYoungGen      total 94208K, used 5478K [0x00000000f6200000, 0x00000000fe000000, 0x0000000100000000)
  eden space 85504K, 0% used [0x00000000f6200000,0x00000000f6200000,0x00000000fb580000)
  from space 8704K, 62% used [0x00000000fb580000,0x00000000fbad9a08,0x00000000fbe00000)
  to   space 8704K, 0% used [0x00000000fd780000,0x00000000fd780000,0x00000000fe000000)
 ParOldGen       total 20992K, used 19983K [0x00000000e2600000, 0x00000000e3a80000, 0x00000000f6200000)
  object space 20992K, 95% used [0x00000000e2600000,0x00000000e3983d60,0x00000000e3a80000)
 Metaspace       used 29457K, capacity 30886K, committed 31232K, reserved 1077248K
  class space    used 3990K, capacity 4280K, committed 4352K, reserved 1048576K
}
Event: 8.445 GC heap before
{Heap before GC invocations=13 (full 2):
 PSYoungGen      total 94208K, used 5478K [0x00000000f6200000, 0x00000000fe000000, 0x0000000100000000)
  eden space 85504K, 0% used [0x00000000f6200000,0x00000000f6200000,0x00000000fb580000)
  from space 8704K, 62% used [0x00000000fb580000,0x00000000fbad9a08,0x00000000fbe00000)
  to   space 8704K, 0% used [0x00000000fd780000,0x00000000fd780000,0x00000000fe000000)
 ParOldGen       total 20992K, used 19983K [0x00000000e2600000, 0x00000000e3a80000, 0x00000000f6200000)
  object space 20992K, 95% used [0x00000000e2600000,0x00000000e3983d60,0x00000000e3a80000)
 Metaspace       used 29457K, capacity 30886K, committed 31232K, reserved 1077248K
  class space    used 3990K, capacity 4280K, committed 4352K, reserved 1048576K
Event: 8.581 GC heap after
Heap after GC invocations=13 (full 2):
 PSYoungGen      total 94208K, used 0K [0x00000000f6200000, 0x00000000fe000000, 0x0000000100000000)
  eden space 85504K, 0% used [0x00000000f6200000,0x00000000f6200000,0x00000000fb580000)
  from space 8704K, 0% used [0x00000000fb580000,0x00000000fb580000,0x00000000fbe00000)
  to   space 8704K, 0% used [0x00000000fd780000,0x00000000fd780000,0x00000000fe000000)
 ParOldGen       total 42496K, used 18511K [0x00000000e2600000, 0x00000000e4f80000, 0x00000000f6200000)
  object space 42496K, 43% used [0x00000000e2600000,0x00000000e3813fc8,0x00000000e4f80000)
 Metaspace       used 29457K, capacity 30886K, committed 31232K, reserved 1077248K
  class space    used 3990K, capacity 4280K, committed 4352K, reserved 1048576K
}
Event: 11.078 GC heap before
{Heap before GC invocations=14 (full 2):
 PSYoungGen      total 94208K, used 85504K [0x00000000f6200000, 0x00000000fe000000, 0x0000000100000000)
  eden space 85504K, 100% used [0x00000000f6200000,0x00000000fb580000,0x00000000fb580000)
  from space 8704K, 0% used [0x00000000fb580000,0x00000000fb580000,0x00000000fbe00000)
  to   space 8704K, 0% used [0x00000000fd780000,0x00000000fd780000,0x00000000fe000000)
 ParOldGen       total 42496K, used 18511K [0x00000000e2600000, 0x00000000e4f80000, 0x00000000f6200000)
  object space 42496K, 43% used [0x00000000e2600000,0x00000000e3813fc8,0x00000000e4f80000)
 Metaspace       used 39889K, capacity 41420K, committed 41600K, reserved 1085440K
  class space    used 5409K, capacity 5741K, committed 5760K, reserved 1048576K
Event: 11.103 GC heap after
Heap after GC invocations=14 (full 2):
 PSYoungGen      total 117760K, used 8703K [0x00000000f6200000, 0x00000000fe280000, 0x0000000100000000)
  eden space 109056K, 0% used [0x00000000f6200000,0x00000000f6200000,0x00000000fcc80000)
  from space 8704K, 99% used [0x00000000fd780000,0x00000000fdffff28,0x00000000fe000000)
  to   space 11264K, 0% used [0x00000000fcc80000,0x00000000fcc80000,0x00000000fd780000)
 ParOldGen       total 42496K, used 21218K [0x00000000e2600000, 0x00000000e4f80000, 0x00000000f6200000)
  object space 42496K, 49% used [0x00000000e2600000,0x00000000e3ab88f0,0x00000000e4f80000)
 Metaspace       used 39889K, capacity 41420K, committed 41600K, reserved 1085440K
  class space    used 5409K, capacity 5741K, committed 5760K, reserved 1048576K
}
Event: 15.668 GC heap before
{Heap before GC invocations=15 (full 2):
 PSYoungGen      total 117760K, used 117759K [0x00000000f6200000, 0x00000000fe280000, 0x0000000100000000)
  eden space 109056K, 100% used [0x00000000f6200000,0x00000000fcc80000,0x00000000fcc80000)
  from space 8704K, 99% used [0x00000000fd780000,0x00000000fdffff28,0x00000000fe000000)
  to   space 11264K, 0% used [0x00000000fcc80000,0x00000000fcc80000,0x00000000fd780000)
 ParOldGen       total 42496K, used 21218K [0x00000000e2600000, 0x00000000e4f80000, 0x00000000f6200000)
  object space 42496K, 49% used [0x00000000e2600000,0x00000000e3ab88f0,0x00000000e4f80000)
 Metaspace       used 46210K, capacity 48354K, committed 48512K, reserved 1091584K
  class space    used 6246K, capacity 6668K, committed 6784K, reserved 1048576K

